<?xml version="1.0" encoding="UTF-8"?>
<!-- Generated by org.testng.reporters.JUnitXMLReporter -->
<testsuite hostname="DESKTOP-6BOCCTI" ignored="2" name="Test" tests="2" failures="0" timestamp="18 Jul 2018 01:15:31 GMT" time="0.808" errors="0">
  <testcase name="@BeforeSuite BrowserLaunch" time="2.866" classname="com.hrm.drivermanager.DriverSetUP">
    <failure type="org.openqa.selenium.SessionNotCreatedException" message="Unable to find a matching set of capabilities
Build info: version: &amp;apos;3.12.0&amp;apos;, revision: &amp;apos;7c6e0b3&amp;apos;, time: &amp;apos;2018-05-08T14:04:26.12Z&amp;apos;
System info: host: &amp;apos;DESKTOP-6BOCCTI&amp;apos;, ip: &amp;apos;192.168.2.28&amp;apos;, os.name: &amp;apos;Windows 10&amp;apos;, os.arch: &amp;apos;amd64&amp;apos;, os.version: &amp;apos;10.0&amp;apos;, java.version: &amp;apos;1.8.0_144&amp;apos;
Driver info: driver.version: FirefoxDriver
remote stacktrace: ">
      <![CDATA[org.openqa.selenium.SessionNotCreatedException: Unable to find a matching set of capabilities
Build info: version: '3.12.0', revision: '7c6e0b3', time: '2018-05-08T14:04:26.12Z'
System info: host: 'DESKTOP-6BOCCTI', ip: '192.168.2.28', os.name: 'Windows 10', os.arch: 'amd64', os.version: '10.0', java.version: '1.8.0_144'
Driver info: driver.version: FirefoxDriver
remote stacktrace: 
at org.openqa.selenium.remote.W3CHandshakeResponse.lambda$new$0(W3CHandshakeResponse.java:57)
at org.openqa.selenium.remote.W3CHandshakeResponse.lambda$getResponseFunction$2(W3CHandshakeResponse.java:104)
at org.openqa.selenium.remote.ProtocolHandshake.lambda$createSession$0(ProtocolHandshake.java:123)
at java.util.stream.ReferencePipeline$3$1.accept(Unknown Source)
at java.util.Spliterators$ArraySpliterator.tryAdvance(Unknown Source)
at java.util.stream.ReferencePipeline.forEachWithCancel(Unknown Source)
at java.util.stream.AbstractPipeline.copyIntoWithCancel(Unknown Source)
at java.util.stream.AbstractPipeline.copyInto(Unknown Source)
at java.util.stream.AbstractPipeline.wrapAndCopyInto(Unknown Source)
at java.util.stream.FindOps$FindOp.evaluateSequential(Unknown Source)
at java.util.stream.AbstractPipeline.evaluate(Unknown Source)
at java.util.stream.ReferencePipeline.findFirst(Unknown Source)
at org.openqa.selenium.remote.ProtocolHandshake.createSession(ProtocolHandshake.java:126)
at org.openqa.selenium.remote.ProtocolHandshake.createSession(ProtocolHandshake.java:73)
at org.openqa.selenium.remote.HttpCommandExecutor.execute(HttpCommandExecutor.java:136)
at org.openqa.selenium.remote.service.DriverCommandExecutor.execute(DriverCommandExecutor.java:83)
at org.openqa.selenium.remote.RemoteWebDriver.execute(RemoteWebDriver.java:543)
at org.openqa.selenium.remote.RemoteWebDriver.startSession(RemoteWebDriver.java:207)
at org.openqa.selenium.remote.RemoteWebDriver.<init>(RemoteWebDriver.java:130)
at org.openqa.selenium.firefox.FirefoxDriver.<init>(FirefoxDriver.java:125)
at org.openqa.selenium.firefox.FirefoxDriver.<init>(FirefoxDriver.java:103)
at com.hrm.drivermanager.DriverSetUP.BrowserLaunch(DriverSetUP.java:17)
... Removed 24 stack frames]]>
    </failure>
  </testcase> <!-- @BeforeSuite BrowserLaunch -->
  <testcase name="@AfterMethod takeSH" time="0.0" classname="com.hrm.business.Application">
    <skipped/>
  </testcase> <!-- @AfterMethod takeSH -->
  <testcase name="@AfterMethod takeSH" time="0.0" classname="com.hrm.business.Application">
    <skipped/>
  </testcase> <!-- @AfterMethod takeSH -->
  <testcase name="addUsers" time="0.0" classname="AdminLogin.UserManagementAddUsers">
    <skipped/>
  </testcase> <!-- addUsers -->
  <testcase name="addUsers" time="0.0" classname="AdminLogin.UserManagementAddUsers">
    <skipped/>
  </testcase> <!-- addUsers -->
  <testcase name="@BeforeSuite BrowserLaunch" time="0.0" classname="com.hrm.drivermanager.DriverSetUP">
    <ignored/>
  </testcase> <!-- @BeforeSuite BrowserLaunch -->
  <testcase name="verifyHRMLink" time="0.0" classname="AdminLogin.MultipleWindow">
    <ignored/>
  </testcase> <!-- verifyHRMLink -->
</testsuite> <!-- Test -->
