<?xml version="1.0" encoding="UTF-8"?>
<testng-results skipped="3" failed="0" ignored="0" total="3" passed="0">
  <reporter-output>
  </reporter-output>
  <suite name="Default suite" duration-ms="878" started-at="2018-07-28T00:46:47Z" finished-at="2018-07-28T00:46:48Z">
    <groups>
      <group name="Regression">
        <method signature="UserManagementAddUsers.addUsers(java.lang.String, java.lang.String, java.lang.String, java.lang.String, java.lang.String, java.lang.String, java.lang.String, java.lang.String)[pri:0, instance:AdminLogin.UserManagementAddUsers@548e7350]" name="addUsers" class="AdminLogin.UserManagementAddUsers"/>
      </group> <!-- Regression -->
      <group name="smoke">
        <method signature="UserManagementAddUsers.sampleTest()[pri:0, instance:AdminLogin.UserManagementAddUsers@548e7350]" name="sampleTest" class="AdminLogin.UserManagementAddUsers"/>
      </group> <!-- smoke -->
      <group name="UserModule">
        <method signature="UserManagementAddUsers.addUsers(java.lang.String, java.lang.String, java.lang.String, java.lang.String, java.lang.String, java.lang.String, java.lang.String, java.lang.String)[pri:0, instance:AdminLogin.UserManagementAddUsers@548e7350]" name="addUsers" class="AdminLogin.UserManagementAddUsers"/>
      </group> <!-- UserModule -->
    </groups>
    <test name="Default test" duration-ms="878" started-at="2018-07-28T00:46:47Z" finished-at="2018-07-28T00:46:48Z">
      <class name="AdminLogin.UserManagementAddUsers">
        <test-method status="FAIL" signature="BrowserLaunch(java.lang.String, java.lang.String)[pri:0, instance:AdminLogin.UserManagementAddUsers@548e7350]" name="BrowserLaunch" is-config="true" duration-ms="0" started-at="2018-07-28T00:46:47Z" finished-at="2018-07-28T00:46:47Z">
          <exception class="org.testng.TestNGException">
            <message>
              <![CDATA[
Parameter 'URL' is required by BeforeTest on method BrowserLaunch but has not been marked @Optional or defined
in C:\Users\TEMP\AppData\Local\Temp\testng-eclipse--1730540178\testng-customsuite.xml]]>
            </message>
            <full-stacktrace>
              <![CDATA[org.testng.TestNGException: 
Parameter 'URL' is required by BeforeTest on method BrowserLaunch but has not been marked @Optional or defined
in C:\Users\TEMP\AppData\Local\Temp\testng-eclipse--1730540178\testng-customsuite.xml
at org.testng.internal.Parameters.createParams(Parameters.java:290)
at org.testng.internal.Parameters.createParametersForMethod(Parameters.java:359)
at org.testng.internal.Parameters.createParameters(Parameters.java:620)
at org.testng.internal.Parameters.createConfigurationParameters(Parameters.java:190)
at org.testng.internal.Invoker.invokeConfigurations(Invoker.java:209)
at org.testng.internal.Invoker.invokeConfigurations(Invoker.java:142)
at org.testng.TestRunner.beforeRun(TestRunner.java:529)
at org.testng.TestRunner.run(TestRunner.java:497)
at org.testng.SuiteRunner.runTest(SuiteRunner.java:455)
at org.testng.SuiteRunner.runSequentially(SuiteRunner.java:450)
at org.testng.SuiteRunner.privateRun(SuiteRunner.java:415)
at org.testng.SuiteRunner.run(SuiteRunner.java:364)
at org.testng.SuiteRunnerWorker.runSuite(SuiteRunnerWorker.java:52)
at org.testng.SuiteRunnerWorker.run(SuiteRunnerWorker.java:84)
at org.testng.TestNG.runSuitesSequentially(TestNG.java:1208)
at org.testng.TestNG.runSuitesLocally(TestNG.java:1137)
at org.testng.TestNG.runSuites(TestNG.java:1049)
at org.testng.TestNG.run(TestNG.java:1017)
at org.testng.remote.AbstractRemoteTestNG.run(AbstractRemoteTestNG.java:114)
at org.testng.remote.RemoteTestNG.initAndRun(RemoteTestNG.java:251)
at org.testng.remote.RemoteTestNG.main(RemoteTestNG.java:77)
]]>
            </full-stacktrace>
          </exception> <!-- org.testng.TestNGException -->
          <reporter-output>
          </reporter-output>
        </test-method> <!-- BrowserLaunch -->
        <test-method status="SKIP" signature="addUsers(java.lang.String, java.lang.String, java.lang.String, java.lang.String, java.lang.String, java.lang.String, java.lang.String, java.lang.String)[pri:0, instance:AdminLogin.UserManagementAddUsers@548e7350]" name="addUsers" duration-ms="0" started-at="2018-07-28T00:46:48Z" data-provider="get_Data" finished-at="2018-07-28T00:46:48Z">
          <exception class="org.testng.TestNGException">
            <message>
              <![CDATA[
Parameter 'URL' is required by BeforeTest on method BrowserLaunch but has not been marked @Optional or defined
in C:\Users\TEMP\AppData\Local\Temp\testng-eclipse--1730540178\testng-customsuite.xml]]>
            </message>
            <full-stacktrace>
              <![CDATA[org.testng.TestNGException: 
Parameter 'URL' is required by BeforeTest on method BrowserLaunch but has not been marked @Optional or defined
in C:\Users\TEMP\AppData\Local\Temp\testng-eclipse--1730540178\testng-customsuite.xml
at org.testng.internal.Parameters.createParams(Parameters.java:290)
at org.testng.internal.Parameters.createParametersForMethod(Parameters.java:359)
at org.testng.internal.Parameters.createParameters(Parameters.java:620)
at org.testng.internal.Parameters.createConfigurationParameters(Parameters.java:190)
at org.testng.internal.Invoker.invokeConfigurations(Invoker.java:209)
at org.testng.internal.Invoker.invokeConfigurations(Invoker.java:142)
at org.testng.TestRunner.beforeRun(TestRunner.java:529)
at org.testng.TestRunner.run(TestRunner.java:497)
at org.testng.SuiteRunner.runTest(SuiteRunner.java:455)
at org.testng.SuiteRunner.runSequentially(SuiteRunner.java:450)
at org.testng.SuiteRunner.privateRun(SuiteRunner.java:415)
at org.testng.SuiteRunner.run(SuiteRunner.java:364)
at org.testng.SuiteRunnerWorker.runSuite(SuiteRunnerWorker.java:52)
at org.testng.SuiteRunnerWorker.run(SuiteRunnerWorker.java:84)
at org.testng.TestNG.runSuitesSequentially(TestNG.java:1208)
at org.testng.TestNG.runSuitesLocally(TestNG.java:1137)
at org.testng.TestNG.runSuites(TestNG.java:1049)
at org.testng.TestNG.run(TestNG.java:1017)
at org.testng.remote.AbstractRemoteTestNG.run(AbstractRemoteTestNG.java:114)
at org.testng.remote.RemoteTestNG.initAndRun(RemoteTestNG.java:251)
at org.testng.remote.RemoteTestNG.main(RemoteTestNG.java:77)
]]>
            </full-stacktrace>
          </exception> <!-- org.testng.TestNGException -->
          <reporter-output>
          </reporter-output>
        </test-method> <!-- addUsers -->
        <test-method status="SKIP" signature="takeSH(org.testng.ITestResult)[pri:0, instance:AdminLogin.UserManagementAddUsers@548e7350]" name="takeSH" is-config="true" duration-ms="0" started-at="2018-07-28T00:46:48Z" finished-at="2018-07-28T00:46:48Z">
          <reporter-output>
          </reporter-output>
        </test-method> <!-- takeSH -->
        <test-method status="SKIP" signature="addUsers(java.lang.String, java.lang.String, java.lang.String, java.lang.String, java.lang.String, java.lang.String, java.lang.String, java.lang.String)[pri:0, instance:AdminLogin.UserManagementAddUsers@548e7350]" name="addUsers" duration-ms="0" started-at="2018-07-28T00:46:48Z" data-provider="get_Data" finished-at="2018-07-28T00:46:48Z">
          <exception class="org.testng.TestNGException">
            <message>
              <![CDATA[
Parameter 'URL' is required by BeforeTest on method BrowserLaunch but has not been marked @Optional or defined
in C:\Users\TEMP\AppData\Local\Temp\testng-eclipse--1730540178\testng-customsuite.xml]]>
            </message>
            <full-stacktrace>
              <![CDATA[org.testng.TestNGException: 
Parameter 'URL' is required by BeforeTest on method BrowserLaunch but has not been marked @Optional or defined
in C:\Users\TEMP\AppData\Local\Temp\testng-eclipse--1730540178\testng-customsuite.xml
at org.testng.internal.Parameters.createParams(Parameters.java:290)
at org.testng.internal.Parameters.createParametersForMethod(Parameters.java:359)
at org.testng.internal.Parameters.createParameters(Parameters.java:620)
at org.testng.internal.Parameters.createConfigurationParameters(Parameters.java:190)
at org.testng.internal.Invoker.invokeConfigurations(Invoker.java:209)
at org.testng.internal.Invoker.invokeConfigurations(Invoker.java:142)
at org.testng.TestRunner.beforeRun(TestRunner.java:529)
at org.testng.TestRunner.run(TestRunner.java:497)
at org.testng.SuiteRunner.runTest(SuiteRunner.java:455)
at org.testng.SuiteRunner.runSequentially(SuiteRunner.java:450)
at org.testng.SuiteRunner.privateRun(SuiteRunner.java:415)
at org.testng.SuiteRunner.run(SuiteRunner.java:364)
at org.testng.SuiteRunnerWorker.runSuite(SuiteRunnerWorker.java:52)
at org.testng.SuiteRunnerWorker.run(SuiteRunnerWorker.java:84)
at org.testng.TestNG.runSuitesSequentially(TestNG.java:1208)
at org.testng.TestNG.runSuitesLocally(TestNG.java:1137)
at org.testng.TestNG.runSuites(TestNG.java:1049)
at org.testng.TestNG.run(TestNG.java:1017)
at org.testng.remote.AbstractRemoteTestNG.run(AbstractRemoteTestNG.java:114)
at org.testng.remote.RemoteTestNG.initAndRun(RemoteTestNG.java:251)
at org.testng.remote.RemoteTestNG.main(RemoteTestNG.java:77)
]]>
            </full-stacktrace>
          </exception> <!-- org.testng.TestNGException -->
          <reporter-output>
          </reporter-output>
        </test-method> <!-- addUsers -->
        <test-method status="SKIP" signature="takeSH(org.testng.ITestResult)[pri:0, instance:AdminLogin.UserManagementAddUsers@548e7350]" name="takeSH" is-config="true" duration-ms="0" started-at="2018-07-28T00:46:48Z" finished-at="2018-07-28T00:46:48Z">
          <reporter-output>
          </reporter-output>
        </test-method> <!-- takeSH -->
        <test-method status="SKIP" signature="sampleTest()[pri:0, instance:AdminLogin.UserManagementAddUsers@548e7350]" name="sampleTest" duration-ms="0" started-at="2018-07-28T00:46:48Z" finished-at="2018-07-28T00:46:48Z">
          <exception class="org.testng.TestNGException">
            <message>
              <![CDATA[
Parameter 'URL' is required by BeforeTest on method BrowserLaunch but has not been marked @Optional or defined
in C:\Users\TEMP\AppData\Local\Temp\testng-eclipse--1730540178\testng-customsuite.xml]]>
            </message>
            <full-stacktrace>
              <![CDATA[org.testng.TestNGException: 
Parameter 'URL' is required by BeforeTest on method BrowserLaunch but has not been marked @Optional or defined
in C:\Users\TEMP\AppData\Local\Temp\testng-eclipse--1730540178\testng-customsuite.xml
at org.testng.internal.Parameters.createParams(Parameters.java:290)
at org.testng.internal.Parameters.createParametersForMethod(Parameters.java:359)
at org.testng.internal.Parameters.createParameters(Parameters.java:620)
at org.testng.internal.Parameters.createConfigurationParameters(Parameters.java:190)
at org.testng.internal.Invoker.invokeConfigurations(Invoker.java:209)
at org.testng.internal.Invoker.invokeConfigurations(Invoker.java:142)
at org.testng.TestRunner.beforeRun(TestRunner.java:529)
at org.testng.TestRunner.run(TestRunner.java:497)
at org.testng.SuiteRunner.runTest(SuiteRunner.java:455)
at org.testng.SuiteRunner.runSequentially(SuiteRunner.java:450)
at org.testng.SuiteRunner.privateRun(SuiteRunner.java:415)
at org.testng.SuiteRunner.run(SuiteRunner.java:364)
at org.testng.SuiteRunnerWorker.runSuite(SuiteRunnerWorker.java:52)
at org.testng.SuiteRunnerWorker.run(SuiteRunnerWorker.java:84)
at org.testng.TestNG.runSuitesSequentially(TestNG.java:1208)
at org.testng.TestNG.runSuitesLocally(TestNG.java:1137)
at org.testng.TestNG.runSuites(TestNG.java:1049)
at org.testng.TestNG.run(TestNG.java:1017)
at org.testng.remote.AbstractRemoteTestNG.run(AbstractRemoteTestNG.java:114)
at org.testng.remote.RemoteTestNG.initAndRun(RemoteTestNG.java:251)
at org.testng.remote.RemoteTestNG.main(RemoteTestNG.java:77)
]]>
            </full-stacktrace>
          </exception> <!-- org.testng.TestNGException -->
          <reporter-output>
          </reporter-output>
        </test-method> <!-- sampleTest -->
        <test-method status="SKIP" signature="takeSH(org.testng.ITestResult)[pri:0, instance:AdminLogin.UserManagementAddUsers@548e7350]" name="takeSH" is-config="true" duration-ms="0" started-at="2018-07-28T00:46:48Z" finished-at="2018-07-28T00:46:48Z">
          <reporter-output>
          </reporter-output>
        </test-method> <!-- takeSH -->
      </class> <!-- AdminLogin.UserManagementAddUsers -->
    </test> <!-- Default test -->
  </suite> <!-- Default suite -->
</testng-results>
