<?xml version="1.0" encoding="UTF-8"?>
<!-- Generated by org.testng.reporters.JUnitReportReporter -->
<testsuite skipped="3" hostname="DESKTOP-6BOCCTI" name="AdminLogin.UserManagementAddUsers" tests="4" failures="0" timestamp="28 Jul 2018 00:46:48 GMT" time="0.000" errors="1">
  <testcase name="BrowserLaunch" time="0.000" classname="AdminLogin.UserManagementAddUsers">
    <error type="org.testng.TestNGException" message="
Parameter &#039;URL&#039; is required by BeforeTest on method BrowserLaunch but has not been marked @Optional or defined
in C:\Users\TEMP\AppData\Local\Temp\testng-eclipse--1730540178\testng-customsuite.xml">
      <![CDATA[org.testng.TestNGException: 
Parameter 'URL' is required by BeforeTest on method BrowserLaunch but has not been marked @Optional or defined
in C:\Users\TEMP\AppData\Local\Temp\testng-eclipse--1730540178\testng-customsuite.xml
at org.testng.internal.Parameters.createParams(Parameters.java:290)
at org.testng.internal.Parameters.createParametersForMethod(Parameters.java:359)
at org.testng.internal.Parameters.createParameters(Parameters.java:620)
at org.testng.internal.Parameters.createConfigurationParameters(Parameters.java:190)
at org.testng.internal.Invoker.invokeConfigurations(Invoker.java:209)
at org.testng.internal.Invoker.invokeConfigurations(Invoker.java:142)
at org.testng.TestRunner.beforeRun(TestRunner.java:529)
at org.testng.TestRunner.run(TestRunner.java:497)
at org.testng.SuiteRunner.runTest(SuiteRunner.java:455)
at org.testng.SuiteRunner.runSequentially(SuiteRunner.java:450)
at org.testng.SuiteRunner.privateRun(SuiteRunner.java:415)
at org.testng.SuiteRunner.run(SuiteRunner.java:364)
at org.testng.SuiteRunnerWorker.runSuite(SuiteRunnerWorker.java:52)
at org.testng.SuiteRunnerWorker.run(SuiteRunnerWorker.java:84)
at org.testng.TestNG.runSuitesSequentially(TestNG.java:1208)
at org.testng.TestNG.runSuitesLocally(TestNG.java:1137)
at org.testng.TestNG.runSuites(TestNG.java:1049)
at org.testng.TestNG.run(TestNG.java:1017)
at org.testng.remote.AbstractRemoteTestNG.run(AbstractRemoteTestNG.java:114)
at org.testng.remote.RemoteTestNG.initAndRun(RemoteTestNG.java:251)
at org.testng.remote.RemoteTestNG.main(RemoteTestNG.java:77)
]]>
    </error>
  </testcase> <!-- BrowserLaunch -->
  <testcase name="addUsers" time="0.000" classname="AdminLogin.UserManagementAddUsers">
    <skipped/>
  </testcase> <!-- addUsers -->
  <testcase name="addUsers" time="0.000" classname="AdminLogin.UserManagementAddUsers">
    <skipped/>
  </testcase> <!-- addUsers -->
  <testcase name="sampleTest" time="0.000" classname="AdminLogin.UserManagementAddUsers">
    <skipped/>
  </testcase> <!-- sampleTest -->
</testsuite> <!-- AdminLogin.UserManagementAddUsers -->
